<?xml version="1.0" encoding="UTF-8" ?>
<testsuites disabled="0" errors="0" failures="0" tests="1" time="13612">
 <testsuite name="Openshift login page" timestamp="2018-02-27T10:22:36" hostname="localhost" time="6.806" errors="0" tests="0" skipped="0" disabled="0" failures="0">
 </testsuite>
 <testsuite name="Openshift login page.oauth flow" timestamp="2018-02-27T10:22:36" hostname="localhost" time="6.806" errors="0" tests="1" skipped="0" disabled="0" failures="0">
  <testcase classname="Openshift login page.oauth flow" name="should login and redirect to the catalog page" time="6.804" />
 </testsuite>
</testsuites>