<?xml version="1.0" encoding="UTF-8" ?>
<testsuites disabled="0" errors="0" failures="1" tests="1" time="6214">
 <testsuite name="Openshift login page" timestamp="2018-03-15T15:33:58" hostname="localhost" time="3.107" errors="0" tests="0" skipped="0" disabled="0" failures="0">
 </testsuite>
 <testsuite name="Openshift login page.oauth flow" timestamp="2018-03-15T15:33:58" hostname="localhost" time="3.107" errors="0" tests="1" skipped="0" disabled="0" failures="1">
  <testcase classname="Openshift login page.oauth flow" name="should login and redirect to the catalog page" time="3.105">
   <failure type="exception" message="Failed: No element found using locator: By(css selector, #inputUsername)"><![CDATA[NoSuchElementError: No element found using locator: By(css selector, #inputUsername)
    at WebDriverError (/usr/local/lib/node_modules/protractor/node_modules/selenium-webdriver/lib/error.js:27:5)
    at NoSuchElementError (/usr/local/lib/node_modules/protractor/node_modules/selenium-webdriver/lib/error.js:242:5)
    at /usr/local/lib/node_modules/protractor/built/element.js:808:27
    at ManagedPromise.invokeCallback_ (/usr/local/lib/node_modules/protractor/node_modules/selenium-webdriver/lib/promise.js:1379:14)
    at TaskQueue.execute_ (/usr/local/lib/node_modules/protractor/node_modules/selenium-webdriver/lib/promise.js:2913:14)
    at TaskQueue.executeNext_ (/usr/local/lib/node_modules/protractor/node_modules/selenium-webdriver/lib/promise.js:2896:21)
    at asyncRun (/usr/local/lib/node_modules/protractor/node_modules/selenium-webdriver/lib/promise.js:2775:27)
    at /usr/local/lib/node_modules/protractor/node_modules/selenium-webdriver/lib/promise.js:639:7
    at process._tickCallback (internal/process/next_tick.js:103:7)Error
    at ElementArrayFinder.applyAction_ (/usr/local/lib/node_modules/protractor/built/element.js:461:27)
    at ElementArrayFinder._this.(anonymous function) [as sendKeys] (/usr/local/lib/node_modules/protractor/built/element.js:103:30)
    at ElementFinder.(anonymous function) [as sendKeys] (/usr/local/lib/node_modules/protractor/built/element.js:829:22)
    at LoginPage.login (/protractor/pageobjects/login.js:12:39)
    at Object.it (/protractor/spec/login.spec.js:20:17)
    at /usr/local/lib/node_modules/protractor/node_modules/jasminewd2/index.js:94:23
    at new ManagedPromise (/usr/local/lib/node_modules/protractor/node_modules/selenium-webdriver/lib/promise.js:1082:7)
    at controlFlowExecute (/usr/local/lib/node_modules/protractor/node_modules/jasminewd2/index.js:80:18)
    at TaskQueue.execute_ (/usr/local/lib/node_modules/protractor/node_modules/selenium-webdriver/lib/promise.js:2913:14)
    at TaskQueue.executeNext_ (/usr/local/lib/node_modules/protractor/node_modules/selenium-webdriver/lib/promise.js:2896:21)
From: Task: Run it("should login and redirect to the catalog page") in control flow
    at Object.<anonymous> (/usr/local/lib/node_modules/protractor/node_modules/jasminewd2/index.js:79:14)
    at attemptAsync (/usr/local/lib/node_modules/protractor/node_modules/jasmine-core/lib/jasmine-core/jasmine.js:1916:24)
    at QueueRunner.run (/usr/local/lib/node_modules/protractor/node_modules/jasmine-core/lib/jasmine-core/jasmine.js:1871:9)
    at /usr/local/lib/node_modules/protractor/node_modules/jasmine-core/lib/jasmine-core/jasmine.js:1898:16
    at /usr/local/lib/node_modules/protractor/node_modules/jasmine-core/lib/jasmine-core/jasmine.js:1842:9
    at /usr/local/lib/node_modules/protractor/node_modules/jasminewd2/index.js:16:5
    at ManagedPromise.invokeCallback_ (/usr/local/lib/node_modules/protractor/node_modules/selenium-webdriver/lib/promise.js:1379:14)
    at TaskQueue.execute_ (/usr/local/lib/node_modules/protractor/node_modules/selenium-webdriver/lib/promise.js:2913:14)
    at TaskQueue.executeNext_ (/usr/local/lib/node_modules/protractor/node_modules/selenium-webdriver/lib/promise.js:2896:21)
    at asyncRun (/usr/local/lib/node_modules/protractor/node_modules/selenium-webdriver/lib/promise.js:2775:27)
From asynchronous test: 
Error
    at Suite.describe (/protractor/spec/login.spec.js:13:5)
    at addSpecsToSuite (/usr/local/lib/node_modules/protractor/node_modules/jasmine-core/lib/jasmine-core/jasmine.js:833:25)
    at Env.describe (/usr/local/lib/node_modules/protractor/node_modules/jasmine-core/lib/jasmine-core/jasmine.js:802:7)
    at describe (/usr/local/lib/node_modules/protractor/node_modules/jasmine-core/lib/jasmine-core/jasmine.js:3375:18)
    at Suite.describe (/protractor/spec/login.spec.js:12:3)
    at addSpecsToSuite (/usr/local/lib/node_modules/protractor/node_modules/jasmine-core/lib/jasmine-core/jasmine.js:833:25)
    at Env.describe (/usr/local/lib/node_modules/protractor/node_modules/jasmine-core/lib/jasmine-core/jasmine.js:802:7)
    at describe (/usr/local/lib/node_modules/protractor/node_modules/jasmine-core/lib/jasmine-core/jasmine.js:3375:18)
    at Object.<anonymous> (/protractor/spec/login.spec.js:11:1)]]>
   </failure>
  </testcase>
 </testsuite>
</testsuites>