<?xml version="1.0" encoding="UTF-8" ?>
<testsuites disabled="0" errors="0" failures="0" tests="1" time="14855">
 <testsuite name="Openshift login page" timestamp="2018-03-20T12:12:42" hostname="localhost" time="7.428" errors="0" tests="0" skipped="0" disabled="0" failures="0">
 </testsuite>
 <testsuite name="Openshift login page.oauth flow" timestamp="2018-03-20T12:12:42" hostname="localhost" time="7.427" errors="0" tests="1" skipped="0" disabled="0" failures="0">
  <testcase classname="Openshift login page.oauth flow" name="should login and redirect to the catalog page" time="7.426" />
 </testsuite>
</testsuites>